<?xml version="1.0" encoding="UTF-8"?>
<testsuite name="org.simpleframework.aop.AspectWeaverTest" tests="1" skipped="0" failures="0" errors="0" timestamp="2020-06-19T01:59:32" hostname="PC-20200329MWQL" time="0.321">
  <properties/>
  <testcase name="aspectWeaveTest" classname="org.simpleframework.aop.AspectWeaverTest" time="0.321"/>
  <system-out><![CDATA[2020-06-19 09:59:32,842 WARN [org.simpleframework.core.BeanContainer] - The beanMap has been loaded
2020-06-19 09:59:33,122 INFO [org.simpleframework.inject.DependencyInjector] - find the specified class HeadLIneServiceImpl from [TestAutowiredClass, HeadLIneServiceImpl]
2020-06-19 09:59:33,132 INFO [org.simpleframework.inject.DependencyInjector] - ==== Autowired SUCCESS =====com.yang.service.solo.impl.ShopCategoryServiceImpl
2020-06-19 09:59:33,132 INFO [org.simpleframework.inject.DependencyInjector] - ==== Autowired SUCCESS =====com.yang.service.combine.HeadLineShopCategoryCombineServiceImpl
Have aspect:
2020-06-19 09:59:33,132 INFO [com.yang.aspect.MyAspect] - Before advice~
It's controller
Hiiiiiiiiiiiiiiiiiiiiiiiiiii
2020-06-19 09:59:33,152 INFO [com.yang.aspect.MyAspect] - After returning advice~
=====================

2020-06-19 09:59:33,162 INFO [com.yang.aspect.MyAspect] - Before advice~
It's controller
Noooooooooooooooooooooooooooooo
2020-06-19 09:59:33,162 INFO [com.yang.aspect.MyAspect] - After returning advice~
=====================

No aspect:
Noooooooooooooooooooooooooooooo
=====================

]]></system-out>
  <system-err><![CDATA[]]></system-err>
</testsuite>
